Flow report for VGA_Sync
Thu May 27 08:43:19 2021
Quartus II 64-Bit Version 13.0.1 Build 232 06/12/2013 Service Pack 1 SJ Full Version


---------------------
; Table of Contents ;
---------------------
  1. Legal Notice
  2. Flow Summary
  3. Flow Settings
  4. Flow Non-Default Global Settings
  5. Flow Elapsed Time
  6. Flow OS Summary
  7. Flow Log
  8. Flow Messages
  9. Flow Suppressed Messages



----------------
; Legal Notice ;
----------------
Copyright (C) 1991-2013 Altera Corporation
Your use of Altera Corporation's design tools, logic functions 
and other software and tools, and its AMPP partner logic 
functions, and any output files from any of the foregoing 
(including device programming or simulation files), and any 
associated documentation or information are expressly subject 
to the terms and conditions of the Altera Program License 
Subscription Agreement, Altera MegaCore Function License 
Agreement, or other applicable license agreement, including, 
without limitation, that your use is for the sole purpose of 
programming logic devices manufactured by Altera and sold by 
Altera or its authorized distributors.  Please refer to the 
applicable agreement for further details.



+---------------------------------------------------------------------------------------+
; Flow Summary                                                                          ;
+------------------------------------+--------------------------------------------------+
; Flow Status                        ; Successful - Thu May 27 08:43:12 2021            ;
; Quartus II 64-Bit Version          ; 13.0.1 Build 232 06/12/2013 SP 1 SJ Full Version ;
; Revision Name                      ; VGA_Sync                                         ;
; Top-level Entity Name              ; VGA_controller                                   ;
; Family                             ; Cyclone III                                      ;
; Device                             ; EP3C16F484C6                                     ;
; Timing Models                      ; Final                                            ;
; Total logic elements               ; 1,767 / 15,408 ( 11 % )                          ;
;     Total combinational functions  ; 1,712 / 15,408 ( 11 % )                          ;
;     Dedicated logic registers      ; 737 / 15,408 ( 5 % )                             ;
; Total registers                    ; 737                                              ;
; Total pins                         ; 50 / 347 ( 14 % )                                ;
; Total virtual pins                 ; 0                                                ;
; Total memory bits                  ; 327,680 / 516,096 ( 63 % )                       ;
; Embedded Multiplier 9-bit elements ; 0 / 112 ( 0 % )                                  ;
; Total PLLs                         ; 0 / 4 ( 0 % )                                    ;
+------------------------------------+--------------------------------------------------+


+-----------------------------------------+
; Flow Settings                           ;
+-------------------+---------------------+
; Option            ; Setting             ;
+-------------------+---------------------+
; Start date & time ; 05/27/2021 08:42:30 ;
; Main task         ; Compilation         ;
; Revision Name     ; VGA_Sync            ;
+-------------------+---------------------+


+---------------------------------------------------------------------------------------------------------------------------+
; Flow Non-Default Global Settings                                                                                          ;
+-------------------------------------+---------------------------------------+---------------+----------------+------------+
; Assignment Name                     ; Value                                 ; Default Value ; Entity Name    ; Section Id ;
+-------------------------------------+---------------------------------------+---------------+----------------+------------+
; COMPILER_SIGNATURE_ID               ; 251053324895029.162212295026436       ; --            ; --             ; --         ;
; MAX_CORE_JUNCTION_TEMP              ; 85                                    ; --            ; --             ; --         ;
; MIN_CORE_JUNCTION_TEMP              ; 0                                     ; --            ; --             ; --         ;
; OUTPUT_IO_TIMING_FAR_END_VMEAS      ; Half Signal Swing                     ; --            ; --             ; --         ;
; OUTPUT_IO_TIMING_FAR_END_VMEAS      ; Half Signal Swing                     ; --            ; --             ; --         ;
; OUTPUT_IO_TIMING_NEAR_END_VMEAS     ; Half Vccio                            ; --            ; --             ; --         ;
; OUTPUT_IO_TIMING_NEAR_END_VMEAS     ; Half Vccio                            ; --            ; --             ; --         ;
; PARTITION_COLOR                     ; 16764057                              ; --            ; VGA_controller ; Top        ;
; PARTITION_FITTER_PRESERVATION_LEVEL ; PLACEMENT_AND_ROUTING                 ; --            ; VGA_controller ; Top        ;
; PARTITION_NETLIST_TYPE              ; SOURCE                                ; --            ; VGA_controller ; Top        ;
; POWER_BOARD_THERMAL_MODEL           ; None (CONSERVATIVE)                   ; --            ; --             ; --         ;
; POWER_PRESET_COOLING_SOLUTION       ; 23 MM HEAT SINK WITH 200 LFPM AIRFLOW ; --            ; --             ; --         ;
; PROJECT_OUTPUT_DIRECTORY            ; output_files                          ; --            ; --             ; --         ;
; TOP_LEVEL_ENTITY                    ; VGA_controller                        ; VGA_Sync      ; --             ; --         ;
+-------------------------------------+---------------------------------------+---------------+----------------+------------+


+-------------------------------------------------------------------------------------------------------------------------------+
; Flow Elapsed Time                                                                                                             ;
+---------------------------+--------------+-------------------------+---------------------+------------------------------------+
; Module Name               ; Elapsed Time ; Average Processors Used ; Peak Virtual Memory ; Total CPU Time (on all processors) ;
+---------------------------+--------------+-------------------------+---------------------+------------------------------------+
; Analysis & Synthesis      ; 00:00:12     ; 1.0                     ; 4713 MB             ; 00:00:10                           ;
; Fitter                    ; 00:00:24     ; 1.5                     ; 5463 MB             ; 00:00:29                           ;
; Assembler                 ; 00:00:02     ; 1.0                     ; 4586 MB             ; 00:00:01                           ;
; TimeQuest Timing Analyzer ; 00:00:05     ; 1.0                     ; 4710 MB             ; 00:00:04                           ;
; Total                     ; 00:00:43     ; --                      ; --                  ; 00:00:44                           ;
+---------------------------+--------------+-------------------------+---------------------+------------------------------------+


+----------------------------------------------------------------------------------------+
; Flow OS Summary                                                                        ;
+---------------------------+------------------+-----------+------------+----------------+
; Module Name               ; Machine Hostname ; OS Name   ; OS Version ; Processor type ;
+---------------------------+------------------+-----------+------------+----------------+
; Analysis & Synthesis      ; 12M107P07202978  ; Windows 7 ; 6.2        ; x86_64         ;
; Fitter                    ; 12M107P07202978  ; Windows 7 ; 6.2        ; x86_64         ;
; Assembler                 ; 12M107P07202978  ; Windows 7 ; 6.2        ; x86_64         ;
; TimeQuest Timing Analyzer ; 12M107P07202978  ; Windows 7 ; 6.2        ; x86_64         ;
+---------------------------+------------------+-----------+------------+----------------+


------------
; Flow Log ;
------------
quartus_map --read_settings_files=on --write_settings_files=off VGA_Sync -c VGA_Sync
quartus_fit --read_settings_files=off --write_settings_files=off VGA_Sync -c VGA_Sync
quartus_asm --read_settings_files=off --write_settings_files=off VGA_Sync -c VGA_Sync
quartus_sta VGA_Sync -c VGA_Sync



